<?xml version="1.0" encoding="UTF-8"?>
<testsuites name="Login" time="60" tests="2" failures="0" errors="0">
   <testsuite name="Login" tests="2" failures="0" errors="0" time="60" timestamp="2018-08-31 14:43:41" hostname="user - user-PC" id="Test Suites/Login">
      <properties>
         <property name="deviceName" value=""/>
         <property name="devicePlatform" value=""/>
         <property name="logFolder" value="C:\\Users\\user\\git\\KatalonTest\\Reports\\Login\\20180831_144331"/>
         <property name="logFiles" value="C:\\Users\\user\\git\\KatalonTest\\Reports\\Login\\20180831_144331\\execution0.log"/>
         <property name="attachments" value=""/>
         <property name="hostName" value="user - user-PC"/>
         <property name="os" value="Windows 7 64bit"/>
         <property name="katalonVersion" value="5.6.0.1"/>
         <property name="browser" value="Chrome 67.0.3396.99"/>
         <property name="hostAddress" value="172.16.142.63"/>
         <property name="sessionId" value="fd5143f596c2d795a245f1537663de66"/>
         <property name="seleniumVersion" value="3.7.1"/>
         <property name="proxyInformation" value="ProxyInformation{proxyOption=NO_PROXY, proxyServerType=HTTP, password=, proxyServerAddress=, proxyServerPort=0}"/>
         <property name="platform" value="Windows 7"/>
      </properties>
      <testcase name="Test Cases/OpenBrowser" classname="Test Cases/OpenBrowser" status="PASSED">
         <system-out><![CDATA[2018-08-31 14:43:42 - [TEST_CASE][PASSED] - Test Cases/OpenBrowser: Test Cases/OpenBrowser

2018-08-31 14:43:43 - [TEST_STEP][PASSED] - openBrowser: Browser is opened with url: 'https://staging.gramedia.com/'

2018-08-31 14:44:24 - [MESSAGE][PASSED] - Browser is opened with url: 'https://staging.gramedia.com/']]></system-out>
         <system-err><![CDATA[]]></system-err>
      </testcase>
      <testcase name="Test Cases/LandingPage/Login" classname="Test Cases/LandingPage/Login" status="PASSED">
         <system-out><![CDATA[2018-08-31 14:44:24 - [TEST_CASE][PASSED] - Test Cases/LandingPage/Login: Test Cases/LandingPage/Login

2018-08-31 14:44:24 - [TEST_STEP][NOT_RUN] - openBrowser: NOT_RUN: openBrowser

2018-08-31 14:44:24 - [MESSAGE][NOT_RUN] - NOT_RUN: openBrowser

2018-08-31 14:44:24 - [TEST_STEP][PASSED] - waitForElementClickable: Object 'Object Repository/Page_Toko Buku Online Terbesar  Gra/Landing Page/button_Masuk' is clickable

2018-08-31 14:44:26 - [MESSAGE][PASSED] - Object 'Object Repository/Page_Toko Buku Online Terbesar  Gra/Landing Page/button_Masuk' is clickable

2018-08-31 14:44:26 - [TEST_STEP][PASSED] - click: Object: 'Object Repository/Page_Toko Buku Online Terbesar  Gra/Landing Page/button_Masuk' is clicked on

2018-08-31 14:44:26 - [MESSAGE][PASSED] - Object: 'Object Repository/Page_Toko Buku Online Terbesar  Gra/Landing Page/button_Masuk' is clicked on

2018-08-31 14:44:26 - [TEST_STEP][PASSED] - waitForElementClickable: Object 'Object Repository/Page_Toko Buku Online Terbesar  Gra/Landing Page/input_email' is clickable

2018-08-31 14:44:26 - [MESSAGE][PASSED] - Object 'Object Repository/Page_Toko Buku Online Terbesar  Gra/Landing Page/input_email' is clickable

2018-08-31 14:44:26 - [TEST_STEP][PASSED] - click: Object: 'Object Repository/Page_Toko Buku Online Terbesar  Gra/Landing Page/input_email' is clicked on

2018-08-31 14:44:27 - [MESSAGE][PASSED] - Object: 'Object Repository/Page_Toko Buku Online Terbesar  Gra/Landing Page/input_email' is clicked on

2018-08-31 14:44:27 - [TEST_STEP][PASSED] - setText: Text 'budibudi@gmail.com' is set on object 'Object Repository/Page_Toko Buku Online Terbesar  Gra/Landing Page/input_email'

2018-08-31 14:44:29 - [MESSAGE][PASSED] - Text 'budibudi@gmail.com' is set on object 'Object Repository/Page_Toko Buku Online Terbesar  Gra/Landing Page/input_email'

2018-08-31 14:44:29 - [TEST_STEP][PASSED] - click: Object: 'Object Repository/Page_Toko Buku Online Terbesar  Gra/Landing Page/input_password' is clicked on

2018-08-31 14:44:30 - [MESSAGE][PASSED] - Object: 'Object Repository/Page_Toko Buku Online Terbesar  Gra/Landing Page/input_password' is clicked on

2018-08-31 14:44:30 - [TEST_STEP][PASSED] - setText: Text 'budibudi' is set on object 'Object Repository/Page_Toko Buku Online Terbesar  Gra/Landing Page/input_password'

2018-08-31 14:44:40 - [MESSAGE][PASSED] - Text 'budibudi' is set on object 'Object Repository/Page_Toko Buku Online Terbesar  Gra/Landing Page/input_password'

2018-08-31 14:44:40 - [TEST_STEP][PASSED] - click: Object: 'Object Repository/Page_Toko Buku Online Terbesar  Gra/Landing Page/button_submitLogin' is clicked on

2018-08-31 14:44:40 - [MESSAGE][PASSED] - Object: 'Object Repository/Page_Toko Buku Online Terbesar  Gra/Landing Page/button_submitLogin' is clicked on]]></system-out>
         <system-err><![CDATA[]]></system-err>
      </testcase>
      <system-out><![CDATA[2018-08-31 14:43:41 - [TEST_SUITE][PASSED] - Login: Test Cases/LandingPage/Login]]></system-out>
      <system-err><![CDATA[]]></system-err>
   </testsuite>
</testsuites>
